<?xml version="1.0" encoding="UTF-8"?>
<testng-results ignored="0" total="4" passed="4" failed="0" skipped="0">
  <reporter-output>
    <line>
      <![CDATA[TONY611]]>
    </line>
    <line>
      <![CDATA[Are you sure you want to cancel the Type of Work creation?]]>
    </line>
    <line>
      <![CDATA[Are you sure you want to cancel the Type of Work creation?]]>
    </line>
    <line>
      <![CDATA[TONY984]]>
    </line>
  </reporter-output>
  <suite started-at="2023-07-13T14:35:54 IST" name="Suite" finished-at="2023-07-13T14:36:34 IST" duration-ms="39590">
    <groups>
      <group name="system">
        <method signature="CustomerCreation.createCustomer()[pri:0, instance:Actitime.testscript.CustomerCreation@66d18979]" name="createCustomer" class="Actitime.testscript.CustomerCreation"/>
        <method signature="CustomerCreation.createCustomer()[pri:0, instance:Actitime.testscript.CustomerCreation@2898ac89]" name="createCustomer" class="Actitime.testscript.CustomerCreation"/>
      </group> <!-- system -->
      <group name="smoke">
        <method signature="AlertHandling_work_excel.AlertHandle()[pri:0, instance:Actitime.testscript.AlertHandling_work_excel@4009e306]" name="AlertHandle" class="Actitime.testscript.AlertHandling_work_excel"/>
        <method signature="AlertHandling_work_excel.AlertHandle()[pri:0, instance:Actitime.testscript.AlertHandling_work_excel@6e509ffa]" name="AlertHandle" class="Actitime.testscript.AlertHandling_work_excel"/>
      </group> <!-- smoke -->
    </groups>
    <test started-at="2023-07-13T14:35:54 IST" name="chrometest" finished-at="2023-07-13T14:36:14 IST" duration-ms="19773">
      <class name="Actitime.testscript.CustomerCreation">
        <test-method is-config="true" signature="launchBrowser(java.lang.String)[pri:0, instance:Actitime.testscript.CustomerCreation@66d18979]" started-at="2023-07-13T14:35:54 IST" name="launchBrowser" finished-at="2023-07-13T14:35:58 IST" duration-ms="3708" status="PASS">
          <params>
            <param index="0">
              <value>
                <![CDATA[chrome]]>
              </value>
            </param>
          </params>
          <reporter-output>
          </reporter-output>
        </test-method> <!-- launchBrowser -->
        <test-method is-config="true" signature="login()[pri:0, instance:Actitime.testscript.CustomerCreation@66d18979]" started-at="2023-07-13T14:35:58 IST" name="login" finished-at="2023-07-13T14:36:04 IST" duration-ms="6367" status="PASS">
          <reporter-output>
          </reporter-output>
        </test-method> <!-- login -->
        <test-method signature="createCustomer()[pri:0, instance:Actitime.testscript.CustomerCreation@66d18979]" started-at="2023-07-13T14:36:04 IST" name="createCustomer" finished-at="2023-07-13T14:36:13 IST" duration-ms="8697" status="PASS">
          <reporter-output>
            <line>
              <![CDATA[TONY611]]>
            </line>
          </reporter-output>
        </test-method> <!-- createCustomer -->
        <test-method is-config="true" signature="logout()[pri:0, instance:Actitime.testscript.CustomerCreation@66d18979]" started-at="2023-07-13T14:36:13 IST" name="logout" finished-at="2023-07-13T14:36:14 IST" duration-ms="619" status="PASS">
          <reporter-output>
          </reporter-output>
        </test-method> <!-- logout -->
        <test-method is-config="true" signature="closeBrowser()[pri:0, instance:Actitime.testscript.CustomerCreation@66d18979]" started-at="2023-07-13T14:36:14 IST" name="closeBrowser" finished-at="2023-07-13T14:36:14 IST" duration-ms="347" status="PASS">
          <reporter-output>
          </reporter-output>
        </test-method> <!-- closeBrowser -->
      </class> <!-- Actitime.testscript.CustomerCreation -->
      <class name="Actitime.testscript.AlertHandling_work_excel">
        <test-method is-config="true" signature="launchBrowser(java.lang.String)[pri:0, instance:Actitime.testscript.AlertHandling_work_excel@4009e306]" started-at="2023-07-13T14:35:54 IST" name="launchBrowser" finished-at="2023-07-13T14:35:58 IST" duration-ms="3638" status="PASS">
          <params>
            <param index="0">
              <value>
                <![CDATA[chrome]]>
              </value>
            </param>
          </params>
          <reporter-output>
          </reporter-output>
        </test-method> <!-- launchBrowser -->
        <test-method is-config="true" signature="login()[pri:0, instance:Actitime.testscript.AlertHandling_work_excel@4009e306]" started-at="2023-07-13T14:35:58 IST" name="login" finished-at="2023-07-13T14:36:04 IST" duration-ms="5772" status="PASS">
          <reporter-output>
          </reporter-output>
        </test-method> <!-- login -->
        <test-method signature="AlertHandle()[pri:0, instance:Actitime.testscript.AlertHandling_work_excel@4009e306]" started-at="2023-07-13T14:36:04 IST" name="AlertHandle" finished-at="2023-07-13T14:36:13 IST" duration-ms="9555" status="PASS">
          <reporter-output>
            <line>
              <![CDATA[Are you sure you want to cancel the Type of Work creation?]]>
            </line>
          </reporter-output>
        </test-method> <!-- AlertHandle -->
        <test-method is-config="true" signature="logout()[pri:0, instance:Actitime.testscript.AlertHandling_work_excel@4009e306]" started-at="2023-07-13T14:36:13 IST" name="logout" finished-at="2023-07-13T14:36:13 IST" duration-ms="69" status="PASS">
          <reporter-output>
          </reporter-output>
        </test-method> <!-- logout -->
        <test-method is-config="true" signature="closeBrowser()[pri:0, instance:Actitime.testscript.AlertHandling_work_excel@4009e306]" started-at="2023-07-13T14:36:13 IST" name="closeBrowser" finished-at="2023-07-13T14:36:14 IST" duration-ms="259" status="PASS">
          <reporter-output>
          </reporter-output>
        </test-method> <!-- closeBrowser -->
      </class> <!-- Actitime.testscript.AlertHandling_work_excel -->
    </test> <!-- chrometest -->
    <test started-at="2023-07-13T14:36:14 IST" name="Edgetest" finished-at="2023-07-13T14:36:34 IST" duration-ms="19784">
      <class name="Actitime.testscript.CustomerCreation">
        <test-method is-config="true" signature="launchBrowser(java.lang.String)[pri:0, instance:Actitime.testscript.CustomerCreation@2898ac89]" started-at="2023-07-13T14:36:14 IST" name="launchBrowser" finished-at="2023-07-13T14:36:19 IST" duration-ms="4645" status="PASS">
          <params>
            <param index="0">
              <value>
                <![CDATA[Edge]]>
              </value>
            </param>
          </params>
          <reporter-output>
          </reporter-output>
        </test-method> <!-- launchBrowser -->
        <test-method is-config="true" signature="login()[pri:0, instance:Actitime.testscript.CustomerCreation@2898ac89]" started-at="2023-07-13T14:36:19 IST" name="login" finished-at="2023-07-13T14:36:25 IST" duration-ms="5911" status="PASS">
          <reporter-output>
          </reporter-output>
        </test-method> <!-- login -->
        <test-method signature="createCustomer()[pri:0, instance:Actitime.testscript.CustomerCreation@2898ac89]" started-at="2023-07-13T14:36:25 IST" name="createCustomer" finished-at="2023-07-13T14:36:32 IST" duration-ms="7420" status="PASS">
          <reporter-output>
            <line>
              <![CDATA[TONY984]]>
            </line>
          </reporter-output>
        </test-method> <!-- createCustomer -->
        <test-method is-config="true" signature="logout()[pri:0, instance:Actitime.testscript.CustomerCreation@2898ac89]" started-at="2023-07-13T14:36:32 IST" name="logout" finished-at="2023-07-13T14:36:33 IST" duration-ms="1433" status="PASS">
          <reporter-output>
          </reporter-output>
        </test-method> <!-- logout -->
        <test-method is-config="true" signature="closeBrowser()[pri:0, instance:Actitime.testscript.CustomerCreation@2898ac89]" started-at="2023-07-13T14:36:33 IST" name="closeBrowser" finished-at="2023-07-13T14:36:34 IST" duration-ms="368" status="PASS">
          <reporter-output>
          </reporter-output>
        </test-method> <!-- closeBrowser -->
      </class> <!-- Actitime.testscript.CustomerCreation -->
      <class name="Actitime.testscript.AlertHandling_work_excel">
        <test-method is-config="true" signature="launchBrowser(java.lang.String)[pri:0, instance:Actitime.testscript.AlertHandling_work_excel@6e509ffa]" started-at="2023-07-13T14:36:14 IST" name="launchBrowser" finished-at="2023-07-13T14:36:17 IST" duration-ms="2885" status="PASS">
          <params>
            <param index="0">
              <value>
                <![CDATA[Edge]]>
              </value>
            </param>
          </params>
          <reporter-output>
          </reporter-output>
        </test-method> <!-- launchBrowser -->
        <test-method is-config="true" signature="login()[pri:0, instance:Actitime.testscript.AlertHandling_work_excel@6e509ffa]" started-at="2023-07-13T14:36:17 IST" name="login" finished-at="2023-07-13T14:36:23 IST" duration-ms="5578" status="PASS">
          <reporter-output>
          </reporter-output>
        </test-method> <!-- login -->
        <test-method signature="AlertHandle()[pri:0, instance:Actitime.testscript.AlertHandling_work_excel@6e509ffa]" started-at="2023-07-13T14:36:23 IST" name="AlertHandle" finished-at="2023-07-13T14:36:31 IST" duration-ms="8477" status="PASS">
          <reporter-output>
            <line>
              <![CDATA[Are you sure you want to cancel the Type of Work creation?]]>
            </line>
          </reporter-output>
        </test-method> <!-- AlertHandle -->
        <test-method is-config="true" signature="logout()[pri:0, instance:Actitime.testscript.AlertHandling_work_excel@6e509ffa]" started-at="2023-07-13T14:36:31 IST" name="logout" finished-at="2023-07-13T14:36:31 IST" duration-ms="178" status="PASS">
          <reporter-output>
          </reporter-output>
        </test-method> <!-- logout -->
        <test-method is-config="true" signature="closeBrowser()[pri:0, instance:Actitime.testscript.AlertHandling_work_excel@6e509ffa]" started-at="2023-07-13T14:36:31 IST" name="closeBrowser" finished-at="2023-07-13T14:36:32 IST" duration-ms="371" status="PASS">
          <reporter-output>
          </reporter-output>
        </test-method> <!-- closeBrowser -->
      </class> <!-- Actitime.testscript.AlertHandling_work_excel -->
    </test> <!-- Edgetest -->
  </suite> <!-- Suite -->
</testng-results>
