<?xml version="1.0" encoding="UTF-8"?>
<!-- Generated by org.testng.reporters.JUnitXMLReporter -->
<testsuite ignored="0" hostname="JustCODE" failures="0" tests="3" name="Test" time="25.674" errors="0" timestamp="2023-06-26T11:22:33 IST">
  <testcase classname="Actitime.testscript.DropdownHandle" name="DDhandle" time="5.578"/>
  <testcase classname="Actitime.testscript.AlertHandling_work_excel" name="AlertHandle" time="10.925"/>
  <testcase classname="Actitime.testscript.CustomerCreation" name="createCustomer" time="7.401"/>
</testsuite> <!-- Test -->
